<?xml version="1.0" encoding="UTF-8"?>
<!-- Generated by org.testng.reporters.JUnitReportReporter -->
<testsuite hostname="DESKTOP-OPI8NOE" failures="0" tests="1" name="basic1.Test1" time="0.008" errors="0" timestamp="2022-10-27T14:41:46 IST" skipped="0">
  <testcase classname="basic1.Test1" name="Demo1" time="0.008"/>
  <system-out/>
</testsuite> <!-- basic1.Test1 -->
